<?xml version="1.0" encoding="UTF-8"?>
<!-- Generated by org.testng.reporters.JUnitXMLReporter -->
<testsuite ignored="0" hostname="anand" failures="0" tests="3" name="Test" time="16.78" errors="0" timestamp="2022-11-22T06:25:02 PST">
  <testcase classname="com.testNG.groupOfGroups" name="browesersetup" time="14.03"/>
  <testcase classname="com.testNG.groupOfGroups" name="sinUp" time="2.291"/>
  <testcase classname="com.testNG.groupOfGroups" name="browserClose" time="0.341"/>
</testsuite> <!-- Test -->
