<?xml version="1.0" encoding="UTF-8"?>
<testng-results ignored="0" total="3" passed="3" failed="0" skipped="0">
  <reporter-output>
  </reporter-output>
  <suite started-at="2022-11-22T06:24:46 PST" name="Suite" finished-at="2022-11-22T06:25:02 PST" duration-ms="16780">
    <groups>
      <group name="sinUp">
        <method signature="groupOfGroups.sinUp(java.lang.String,java.lang.String,java.lang.String,java.lang.String)[pri:1, instance:com.testNG.groupOfGroups@a38c7fe]" name="sinUp" class="com.testNG.groupOfGroups"/>
      </group> <!-- sinUp -->
      <group name="launch">
        <method signature="groupOfGroups.browesersetup()[pri:0, instance:com.testNG.groupOfGroups@a38c7fe]" name="browesersetup" class="com.testNG.groupOfGroups"/>
      </group> <!-- launch -->
    </groups>
    <test started-at="2022-11-22T06:24:46 PST" name="Test" finished-at="2022-11-22T06:25:02 PST" duration-ms="16780">
      <class name="com.testNG.groupOfGroups">
        <test-method signature="browesersetup()[pri:0, instance:com.testNG.groupOfGroups@a38c7fe]" started-at="2022-11-22T06:24:46 PST" name="browesersetup" finished-at="2022-11-22T06:25:00 PST" duration-ms="14030" status="PASS">
          <reporter-output>
          </reporter-output>
        </test-method> <!-- browesersetup -->
        <test-method signature="sinUp(java.lang.String,java.lang.String,java.lang.String,java.lang.String)[pri:1, instance:com.testNG.groupOfGroups@a38c7fe]" started-at="2022-11-22T06:25:00 PST" name="sinUp" finished-at="2022-11-22T06:25:02 PST" duration-ms="2291" status="PASS">
          <params>
            <param index="0">
              <value>
                <![CDATA[anandraj]]>
              </value>
            </param>
            <param index="1">
              <value>
                <![CDATA[anandraj@124.gmail.com]]>
              </value>
            </param>
            <param index="2">
              <value>
                <![CDATA[12345]]>
              </value>
            </param>
            <param index="3">
              <value>
                <![CDATA[9876543210]]>
              </value>
            </param>
          </params>
          <reporter-output>
          </reporter-output>
        </test-method> <!-- sinUp -->
        <test-method signature="browserClose()[pri:2, instance:com.testNG.groupOfGroups@a38c7fe]" started-at="2022-11-22T06:25:02 PST" name="browserClose" depends-on-groups="sinUp.*" finished-at="2022-11-22T06:25:02 PST" duration-ms="341" status="PASS">
          <reporter-output>
          </reporter-output>
        </test-method> <!-- browserClose -->
      </class> <!-- com.testNG.groupOfGroups -->
    </test> <!-- Test -->
  </suite> <!-- Suite -->
</testng-results>
